0 info it worked if it ends with ok
1 verbose cli [ '/usr/bin/node', '/bin/npm', 'install', '-g', 'next' ]
2 info using npm@3.10.10
3 info using node@v6.17.1
4 silly loadCurrentTree Starting
5 silly install loadCurrentTree
6 silly install readGlobalPackageData
7 silly fetchPackageMetaData next
8 silly fetchOtherPackageData next
9 silly cache add args [ 'next', null ]
10 verbose cache add spec next
11 silly cache add parsed spec Result {
11 silly cache add   raw: 'next',
11 silly cache add   scope: null,
11 silly cache add   escapedName: 'next',
11 silly cache add   name: null,
11 silly cache add   rawSpec: 'next',
11 silly cache add   spec: '/home/app-admin/community/next',
11 silly cache add   type: 'local' }
12 silly addLocalTarball shasum (computed) a407f6bef7a637ac8d0d82e4a2e85c0b31eda800
13 verbose addTmpTarball /home/app-admin/community/next not in flight; adding
14 verbose correctMkdir /root/.npm correctMkdir not in flight; initializing
15 verbose addTmpTarball validating metadata from /home/app-admin/community/next
16 verbose tar unpack /home/app-admin/community/next
17 verbose tar unpacking to /tmp/npm-15905-200ae441/unpack-053f2b5a
18 silly gentlyRm /tmp/npm-15905-200ae441/unpack-053f2b5a is being purged
19 verbose gentlyRm don't care about contents; nuking /tmp/npm-15905-200ae441/unpack-053f2b5a
20 silly gunzTarPerm modes [ '755', '644' ]
21 error not a package /home/app-admin/community/next
22 error addLocal Could not install /home/app-admin/community/next
23 silly fetchPackageMetaData Error: ENOENT: no such file or directory, open '/tmp/npm-15905-200ae441/unpack-053f2b5a/package.json'
23 silly fetchPackageMetaData     at Error (native)
23 silly fetchPackageMetaData  error for next { Error: ENOENT: no such file or directory, open '/tmp/npm-15905-200ae441/unpack-053f2b5a/package.json'
23 silly fetchPackageMetaData     at Error (native)
23 silly fetchPackageMetaData   errno: -2,
23 silly fetchPackageMetaData   code: 'ENOENT',
23 silly fetchPackageMetaData   syscall: 'open',
23 silly fetchPackageMetaData   path: '/tmp/npm-15905-200ae441/unpack-053f2b5a/package.json' }
24 silly rollbackFailedOptional Starting
25 silly rollbackFailedOptional Finishing
26 silly runTopLevelLifecycles Finishing
27 silly install printInstalled
28 verbose stack Error: ENOENT: no such file or directory, open '/tmp/npm-15905-200ae441/unpack-053f2b5a/package.json'
28 verbose stack     at Error (native)
29 verbose cwd /home/app-admin/community
30 error Linux 3.10.0-1127.10.1.el7.x86_64
31 error argv "/usr/bin/node" "/bin/npm" "install" "-g" "next"
32 error node v6.17.1
33 error npm  v3.10.10
34 error path /tmp/npm-15905-200ae441/unpack-053f2b5a/package.json
35 error code ENOENT
36 error errno -2
37 error syscall open
38 error enoent ENOENT: no such file or directory, open '/tmp/npm-15905-200ae441/unpack-053f2b5a/package.json'
39 error enoent ENOENT: no such file or directory, open '/tmp/npm-15905-200ae441/unpack-053f2b5a/package.json'
39 error enoent This is most likely not a problem with npm itself
39 error enoent and is related to npm not being able to find a file.
40 verbose exit [ -2, true ]
